2026-03-12 02:47:22,884 - botocore.credentials - INFO - Found credentials from IAM Role: ds5220-dp1-AppRole-QgI5ZNOU9fMs
2026-03-12 02:47:24,788 - app - INFO - Application initialized with bucket: anomaly-detection-bucket-zoehendershot
2026-03-12 02:47:24,898 - uvicorn.error - INFO - Started server process [2942]
2026-03-12 02:47:24,899 - uvicorn.error - INFO - Waiting for application startup.
2026-03-12 02:47:24,900 - uvicorn.error - INFO - Application startup complete.
2026-03-12 02:47:24,902 - uvicorn.error - INFO - Uvicorn running on http://0.0.0.0:8000 (Press CTRL+C to quit)
2026-03-12 03:13:03,071 - botocore.credentials - INFO - Found credentials from IAM Role: ds5220-dp1-AppRole-QgI5ZNOU9fMs
2026-03-12 03:13:04,789 - app - INFO - Application initialized with bucket: anomaly-detection-bucket-zoehendershot
2026-03-12 03:15:00,854 - uvicorn.error - INFO - Shutting down
2026-03-12 03:15:00,955 - uvicorn.error - INFO - Waiting for application shutdown.
2026-03-12 03:15:00,956 - uvicorn.error - INFO - Application shutdown complete.
2026-03-12 03:15:00,957 - uvicorn.error - INFO - Finished server process [2942]
2026-03-12 03:15:04,118 - botocore.credentials - INFO - Found credentials from IAM Role: ds5220-dp1-AppRole-QgI5ZNOU9fMs
2026-03-12 03:15:05,653 - app - INFO - Application initialized with bucket: anomaly-detection-bucket-zoehendershot
2026-03-12 03:15:05,739 - uvicorn.error - INFO - Started server process [3204]
2026-03-12 03:15:05,740 - uvicorn.error - INFO - Waiting for application startup.
2026-03-12 03:15:05,741 - uvicorn.error - INFO - Application startup complete.
2026-03-12 03:15:05,742 - uvicorn.error - INFO - Uvicorn running on http://0.0.0.0:8000 (Press CTRL+C to quit)
2026-03-12 03:15:18,709 - botocore.credentials - INFO - Found credentials from IAM Role: ds5220-dp1-AppRole-QgI5ZNOU9fMs
2026-03-12 03:15:19,951 - app - INFO - Application initialized with bucket: anomaly-detection-bucket-zoehendershot
2026-03-12 03:22:07,142 - uvicorn.error - INFO - Shutting down
2026-03-12 03:22:07,243 - uvicorn.error - INFO - Waiting for application shutdown.
2026-03-12 03:22:07,244 - uvicorn.error - INFO - Application shutdown complete.
2026-03-12 03:22:07,244 - uvicorn.error - INFO - Finished server process [3204]
2026-03-12 03:22:08,539 - botocore.credentials - INFO - Found credentials from IAM Role: ds5220-dp1-AppRole-QgI5ZNOU9fMs
2026-03-12 03:22:09,717 - app - INFO - Application initialized with bucket: anomaly-detection-bucket-zoehendershot
2026-03-12 03:22:09,778 - uvicorn.error - INFO - Started server process [3236]
2026-03-12 03:22:09,779 - uvicorn.error - INFO - Waiting for application startup.
2026-03-12 03:22:09,779 - uvicorn.error - INFO - Application startup complete.
2026-03-12 03:22:09,780 - uvicorn.error - INFO - Uvicorn running on http://0.0.0.0:8000 (Press CTRL+C to quit)
2026-03-12 03:30:06,745 - uvicorn.error - INFO - Shutting down
2026-03-12 03:30:06,846 - uvicorn.error - INFO - Waiting for application shutdown.
2026-03-12 03:30:06,847 - uvicorn.error - INFO - Application shutdown complete.
2026-03-12 03:30:06,847 - uvicorn.error - INFO - Finished server process [3236]
2026-03-12 03:30:08,834 - botocore.credentials - INFO - Found credentials from IAM Role: ds5220-dp1-AppRole-QgI5ZNOU9fMs
2026-03-12 03:30:10,300 - app - INFO - Application initialized with bucket: anomaly-detection-bucket-zoehendershot
2026-03-12 03:30:10,395 - uvicorn.error - INFO - Started server process [3598]
2026-03-12 03:30:10,395 - uvicorn.error - INFO - Waiting for application startup.
2026-03-12 03:30:10,396 - uvicorn.error - INFO - Application startup complete.
2026-03-12 03:30:10,397 - uvicorn.error - INFO - Uvicorn running on http://0.0.0.0:8000 (Press CTRL+C to quit)
